C:\USERS\USER\DOCUMENTS\VISUAL STUDIO 2012\PROJECTS\HELLOASM\HELLOASM\X64\DEBUG\MAIN.OBJ
C:\USERS\USER\DOCUMENTS\VISUAL STUDIO 2012\PROJECTS\HELLOASM\HELLOASM\X64\DEBUG\VC110.PDB
C:\USERS\USER\DOCUMENTS\VISUAL STUDIO 2012\PROJECTS\HELLOASM\X64\DEBUG\HELLOASM.ILK
C:\USERS\USER\DOCUMENTS\VISUAL STUDIO 2012\PROJECTS\HELLOASM\X64\DEBUG\HELLOASM.EXE
C:\USERS\USER\DOCUMENTS\VISUAL STUDIO 2012\PROJECTS\HELLOASM\X64\DEBUG\HELLOASM.MAP
C:\USERS\USER\DOCUMENTS\VISUAL STUDIO 2012\PROJECTS\HELLOASM\X64\DEBUG\HELLOASM.PDB
C:\Users\USER\documents\visual studio 2012\Projects\helloASM\helloASM\x64\Debug\main.obj
C:\Users\USER\documents\visual studio 2012\Projects\helloASM\helloASM\x64\Debug\cl.command.1.tlog
C:\Users\USER\documents\visual studio 2012\Projects\helloASM\helloASM\x64\Debug\CL.read.1.tlog
C:\Users\USER\documents\visual studio 2012\Projects\helloASM\helloASM\x64\Debug\CL.write.1.tlog
C:\Users\USER\documents\visual studio 2012\Projects\helloASM\helloASM\x64\Debug\link-cvtres.read.1.tlog
C:\Users\USER\documents\visual studio 2012\Projects\helloASM\helloASM\x64\Debug\link-cvtres.write.1.tlog
C:\Users\USER\documents\visual studio 2012\Projects\helloASM\helloASM\x64\Debug\link-rc.read.1.tlog
C:\Users\USER\documents\visual studio 2012\Projects\helloASM\helloASM\x64\Debug\link-rc.write.1.tlog
C:\Users\USER\documents\visual studio 2012\Projects\helloASM\helloASM\x64\Debug\link.command.1.tlog
C:\Users\USER\documents\visual studio 2012\Projects\helloASM\helloASM\x64\Debug\link.read.1.tlog
C:\Users\USER\documents\visual studio 2012\Projects\helloASM\helloASM\x64\Debug\link.write.1.tlog
C:\Users\USER\documents\visual studio 2012\Projects\helloASM\helloASM\x64\Debug\vc110.pdb
C:\Users\USER\documents\visual studio 2012\Projects\helloASM\x64\Debug\helloASM.pdb
C:\Users\USER\documents\visual studio 2012\Projects\helloASM\x64\Debug\helloASM.exe
C:\Users\USER\documents\visual studio 2012\Projects\helloASM\x64\Debug\helloASM.ilk
